<?xml version="1.0" encoding="UTF-8"?>
<!-- Generated by org.testng.reporters.JUnitReportReporter -->
<testsuite hostname="DELL-PC" name="com.paypalProject.phonePayFundTransfer" tests="1" failures="0" timestamp="6 Mar 2021 12:00:10 GMT" time="9.264" errors="1">
  <testcase name="phonePayTransferAmt" time="9.264" classname="com.paypalProject.phonePayFundTransfer">
    <error type="org.openqa.selenium.SessionNotCreatedException" message="session not created: This version of ChromeDriver only supports Chrome version 87
Current browser version is 89.0.4389.72 with binary path C:\Users\DELL\AppData\Local\Google\Chrome\Application\chrome.exe
Build info: version: &#039;3.141.59&#039;, revision: &#039;e82be7d358&#039;, time: &#039;2018-11-14T08:25:53&#039;
System info: host: &#039;DELL-PC&#039;, ip: &#039;192.168.43.137&#039;, os.name: &#039;Windows 7&#039;, os.arch: &#039;amd64&#039;, os.version: &#039;6.1&#039;, java.version: &#039;1.8.0_201&#039;
Driver info: driver.version: ChromeDriver
remote stacktrace: Backtrace:
	Ordinal0 [0x0168C0C3+3326147]
	Ordinal0 [0x01570851+2164817]
	Ordinal0 [0x013F7298+619160]
	Ordinal0 [0x01371D92+73106]
	Ordinal0 [0x0136E119+57625]
	Ordinal0 [0x0136C38A+50058]
	Ordinal0 [0x01395F3E+220990]
	Ordinal0 [0x01395CAC+220332]
	Ordinal0 [0x0139189B+202907]
	Ordinal0 [0x01373DF4+81396]
	Ordinal0 [0x01374DEE+85486]
	Ordinal0 [0x01374D79+85369]
	Ordinal0 [0x015885DC+2262492]
	GetHandleVerifier [0x01812874+1487204]
	GetHandleVerifier [0x018123CD+1486013]
	GetHandleVerifier [0x0181A368+1518680]
	GetHandleVerifier [0x01812F4E+1488958]
	Ordinal0 [0x0157ED0D+2223373]
	Ordinal0 [0x0158A12B+2269483]
	Ordinal0 [0x0158A26F+2269807]
	Ordinal0 [0x0159ECB8+2354360]
	BaseThreadInitThunk [0x769D33CA+18]
	RtlInitializeExceptionChain [0x77029ED2+99]
	RtlInitializeExceptionChain [0x77029EA5+54]
">
      <![CDATA[org.openqa.selenium.SessionNotCreatedException: session not created: This version of ChromeDriver only supports Chrome version 87
Current browser version is 89.0.4389.72 with binary path C:\Users\DELL\AppData\Local\Google\Chrome\Application\chrome.exe
Build info: version: '3.141.59', revision: 'e82be7d358', time: '2018-11-14T08:25:53'
System info: host: 'DELL-PC', ip: '192.168.43.137', os.name: 'Windows 7', os.arch: 'amd64', os.version: '6.1', java.version: '1.8.0_201'
Driver info: driver.version: ChromeDriver
remote stacktrace: Backtrace:
	Ordinal0 [0x0168C0C3+3326147]
	Ordinal0 [0x01570851+2164817]
	Ordinal0 [0x013F7298+619160]
	Ordinal0 [0x01371D92+73106]
	Ordinal0 [0x0136E119+57625]
	Ordinal0 [0x0136C38A+50058]
	Ordinal0 [0x01395F3E+220990]
	Ordinal0 [0x01395CAC+220332]
	Ordinal0 [0x0139189B+202907]
	Ordinal0 [0x01373DF4+81396]
	Ordinal0 [0x01374DEE+85486]
	Ordinal0 [0x01374D79+85369]
	Ordinal0 [0x015885DC+2262492]
	GetHandleVerifier [0x01812874+1487204]
	GetHandleVerifier [0x018123CD+1486013]
	GetHandleVerifier [0x0181A368+1518680]
	GetHandleVerifier [0x01812F4E+1488958]
	Ordinal0 [0x0157ED0D+2223373]
	Ordinal0 [0x0158A12B+2269483]
	Ordinal0 [0x0158A26F+2269807]
	Ordinal0 [0x0159ECB8+2354360]
	BaseThreadInitThunk [0x769D33CA+18]
	RtlInitializeExceptionChain [0x77029ED2+99]
	RtlInitializeExceptionChain [0x77029EA5+54]

	at sun.reflect.NativeConstructorAccessorImpl.newInstance0(Native Method)
	at sun.reflect.NativeConstructorAccessorImpl.newInstance(NativeConstructorAccessorImpl.java:62)
	at sun.reflect.DelegatingConstructorAccessorImpl.newInstance(DelegatingConstructorAccessorImpl.java:45)
	at java.lang.reflect.Constructor.newInstance(Constructor.java:423)
	at org.openqa.selenium.remote.W3CHandshakeResponse.lambda$errorHandler$0(W3CHandshakeResponse.java:62)
	at org.openqa.selenium.remote.HandshakeResponse.lambda$getResponseFunction$0(HandshakeResponse.java:30)
	at org.openqa.selenium.remote.ProtocolHandshake.lambda$createSession$0(ProtocolHandshake.java:126)
	at java.util.stream.ReferencePipeline$3$1.accept(ReferencePipeline.java:193)
	at java.util.Spliterators$ArraySpliterator.tryAdvance(Spliterators.java:958)
	at java.util.stream.ReferencePipeline.forEachWithCancel(ReferencePipeline.java:126)
	at java.util.stream.AbstractPipeline.copyIntoWithCancel(AbstractPipeline.java:498)
	at java.util.stream.AbstractPipeline.copyInto(AbstractPipeline.java:485)
	at java.util.stream.AbstractPipeline.wrapAndCopyInto(AbstractPipeline.java:471)
	at java.util.stream.FindOps$FindOp.evaluateSequential(FindOps.java:152)
	at java.util.stream.AbstractPipeline.evaluate(AbstractPipeline.java:234)
	at java.util.stream.ReferencePipeline.findFirst(ReferencePipeline.java:464)
	at org.openqa.selenium.remote.ProtocolHandshake.createSession(ProtocolHandshake.java:128)
	at org.openqa.selenium.remote.ProtocolHandshake.createSession(ProtocolHandshake.java:74)
	at org.openqa.selenium.remote.HttpCommandExecutor.execute(HttpCommandExecutor.java:136)
	at org.openqa.selenium.remote.service.DriverCommandExecutor.execute(DriverCommandExecutor.java:83)
	at org.openqa.selenium.remote.RemoteWebDriver.execute(RemoteWebDriver.java:552)
	at org.openqa.selenium.remote.RemoteWebDriver.startSession(RemoteWebDriver.java:213)
	at org.openqa.selenium.remote.RemoteWebDriver.<init>(RemoteWebDriver.java:131)
	at org.openqa.selenium.chrome.ChromeDriver.<init>(ChromeDriver.java:181)
	at org.openqa.selenium.chrome.ChromeDriver.<init>(ChromeDriver.java:168)
	at org.openqa.selenium.chrome.ChromeDriver.<init>(ChromeDriver.java:157)
	at com.GenericMethods.CommonMethods.transferAmt(CommonMethods.java:12)
	at com.paypalProject.phonePayFundTransfer.phonePayTransferAmt(phonePayFundTransfer.java:12)
	at sun.reflect.NativeMethodAccessorImpl.invoke0(Native Method)
	at sun.reflect.NativeMethodAccessorImpl.invoke(NativeMethodAccessorImpl.java:62)
	at sun.reflect.DelegatingMethodAccessorImpl.invoke(DelegatingMethodAccessorImpl.java:43)
	at java.lang.reflect.Method.invoke(Method.java:498)
	at org.testng.internal.MethodInvocationHelper.invokeMethod(MethodInvocationHelper.java:86)
	at org.testng.internal.Invoker.invokeMethod(Invoker.java:645)
	at org.testng.internal.Invoker.invokeTestMethod(Invoker.java:822)
	at org.testng.internal.Invoker.invokeTestMethods(Invoker.java:1130)
	at org.testng.internal.TestMethodWorker.invokeTestMethods(TestMethodWorker.java:129)
	at org.testng.internal.TestMethodWorker.run(TestMethodWorker.java:112)
	at org.testng.TestRunner.privateRun(TestRunner.java:782)
	at org.testng.TestRunner.run(TestRunner.java:632)
	at org.testng.SuiteRunner.runTest(SuiteRunner.java:366)
	at org.testng.SuiteRunner.runSequentially(SuiteRunner.java:361)
	at org.testng.SuiteRunner.privateRun(SuiteRunner.java:319)
	at org.testng.SuiteRunner.run(SuiteRunner.java:268)
	at org.testng.SuiteRunnerWorker.runSuite(SuiteRunnerWorker.java:52)
	at org.testng.SuiteRunnerWorker.run(SuiteRunnerWorker.java:86)
	at org.testng.TestNG.runSuitesSequentially(TestNG.java:1244)
	at org.testng.TestNG.runSuitesLocally(TestNG.java:1169)
	at org.testng.TestNG.run(TestNG.java:1064)
	at org.testng.remote.RemoteTestNG.run(RemoteTestNG.java:113)
	at org.testng.remote.RemoteTestNG.initAndRun(RemoteTestNG.java:206)
	at org.testng.remote.RemoteTestNG.main(RemoteTestNG.java:177)
]]>
    </error>
  </testcase> <!-- phonePayTransferAmt -->
</testsuite> <!-- com.paypalProject.phonePayFundTransfer -->
